
 /----------------------------------------------------------------------------\
 |  yosys -- Yosys Open SYnthesis Suite                                       |
 |  Copyright (C) 2012 - 2025  Claire Xenia Wolf <claire@yosyshq.com>         |
 |  Distributed under an ISC-like license, type "license" to see terms        |
 \----------------------------------------------------------------------------/
 Yosys 0.50+56 (git sha1 9106d6b3b, g++ 11.4.0-1ubuntu1~22.04 -fPIC -O3)

-- Executing script file `design_prep.ys' --

1. Executing RTLIL frontend.
Input filename: design.il

2. Executing SCC pass (detecting logic loops).
Found 0 SCCs in module counter_64_bit_formal.
Found 0 SCCs in module counter_64_bit.
Found 0 SCCs.

3. Executing SIMPLEMAP pass (map simple cells to gate primitives).

4. Executing MEMORY_NORDFF pass (extracting $dff cells from memories).

5. Executing ASYNC2SYNC pass.

6. Executing OPT_CLEAN pass (remove unused cells and wires).
Finding unused cells or wires in module \counter_64_bit_formal..
Finding unused cells or wires in module \counter_64_bit..
Removed 19 unused cells and 19 unused wires.
<suppressed ~20 debug messages>

7. Executing FORMALFF pass.

8. Executing OPT_CLEAN pass (remove unused cells and wires).
Finding unused cells or wires in module \counter_64_bit..
Finding unused cells or wires in module \counter_64_bit_formal..
Removed 5 unused cells and 5 unused wires.
<suppressed ~7 debug messages>

9. Executing CHECK pass (checking for obvious problems).
Checking module counter_64_bit...
Checking module counter_64_bit_formal...
Found and reported 0 problems.

10. Executing SETUNDEF pass (replace undef values with defined constants).

11. Executing OPT pass (performing simple optimizations).

11.1. Executing OPT_EXPR pass (perform const folding).
Optimizing module counter_64_bit.
Optimizing module counter_64_bit_formal.
<suppressed ~1 debug messages>

11.2. Executing OPT_MERGE pass (detect identical cells).
Finding identical cells in module `\counter_64_bit'.
Finding identical cells in module `\counter_64_bit_formal'.
Removed a total of 0 cells.

11.3. Executing OPT_DFF pass (perform DFF optimizations).

11.4. Executing OPT_CLEAN pass (remove unused cells and wires).
Finding unused cells or wires in module \counter_64_bit..
Finding unused cells or wires in module \counter_64_bit_formal..
Removed 0 unused cells and 1 unused wires.
<suppressed ~1 debug messages>

11.5. Finished fast OPT passes.

12. Executing OPT_CLEAN pass (remove unused cells and wires).
Finding unused cells or wires in module \counter_64_bit..
Finding unused cells or wires in module \counter_64_bit_formal..
Removed 0 unused cells and 12 unused wires.
<suppressed ~1 debug messages>

13. Executing RTLIL backend.
Output filename: ../model/design_prep.il

End of script. Logfile hash: e692e63766, CPU: user 0.06s system 0.01s, MEM: 17.38 MB peak
Yosys 0.50+56 (git sha1 9106d6b3b, g++ 11.4.0-1ubuntu1~22.04 -fPIC -O3)
Time spent: 46% 4x opt_clean (0 sec), 9% 1x formalff (0 sec), ...
